---------------------------------------------------------------
[ 2020-12-22T19:14:41+08:00 ] 0.0.0.0 GET localhost/ht/public/index/index/index
[运行时间：2.083284s] [吞吐率：0.48req/s] [内存消耗：3,114.08kb] [文件加载：56]
[ info ] [ LANG ] E:\xamp\htdocs\ht\thinkphp\lang\zh-cn.php
[ info ] [ BIND ] 'index'
[ info ] [ ROUTE ] array (
  'type' => 'module',
  'module' => 
  array (
    0 => 'index',
    1 => 'index',
    2 => 'index',
  ),
)
[ info ] [ HEADER ] array (
  'host' => 'localhost',
  'connection' => 'keep-alive',
  'cache-control' => 'max-age=0',
  'upgrade-insecure-requests' => '1',
  'user-agent' => 'Mozilla/5.0 (Windows NT 10.0; Win64; x64) AppleWebKit/537.36 (KHTML, like Gecko) Chrome/87.0.4280.88 Safari/537.36',
  'accept' => 'text/html,application/xhtml+xml,application/xml;q=0.9,image/avif,image/webp,image/apng,*/*;q=0.8,application/signed-exchange;v=b3;q=0.9',
  'sec-fetch-site' => 'none',
  'sec-fetch-mode' => 'navigate',
  'sec-fetch-user' => '?1',
  'sec-fetch-dest' => 'document',
  'accept-encoding' => 'gzip, deflate, br',
  'accept-language' => 'zh-CN,zh;q=0.9',
  'cookie' => 'pgv_pvi=5400513536; pgv_si=s5846208512; adminer_version=4.7.8',
)
[ info ] [ PARAM ] array (
)
[ info ] [ RUN ] app\index\controller\Index->index[ E:\xamp\htdocs\ht\application\index\controller\Index.php ]
[ info ] [ DB ] INIT mysql
[ info ] [ VIEW ] E:\xamp\htdocs\ht\public/../application/index\view\index\index.html [ array (
  0 => 'type',
) ]
[ info ] [ SESSION ] INIT array (
  'id' => '',
  'var_session_id' => '',
  'prefix' => 'think',
  'type' => '',
  'auto_start' => true,
)
[ info ] [ LOG ] INIT File
[ sql ] [ DB ] CONNECT:[ UseTime:0.102350s ] mysql:host=127.0.0.1;port=3306;dbname=shop;charset=utf8
[ sql ] [ SQL ] SHOW COLUMNS FROM `shop_type` [ RunTime:0.208615s ]
[ sql ] [ SQL ] SELECT * FROM `shop_type` WHERE  `pid` = 0 [ RunTime:0.179860s ]
[ sql ] [ SQL ] SELECT * FROM `shop_type` WHERE  `pid` = 169 [ RunTime:0.000834s ]
[ sql ] [ SQL ] SELECT * FROM `shop_type` WHERE  `pid` = 113 [ RunTime:0.000790s ]
[ sql ] [ SQL ] SELECT * FROM `shop_type` WHERE  `pid` = 155 [ RunTime:0.000701s ]
[ sql ] [ SQL ] SELECT * FROM `shop_type` WHERE  `pid` = 166 [ RunTime:0.000761s ]
[ sql ] [ SQL ] SELECT * FROM `shop_type` WHERE  `pid` = 138 [ RunTime:0.000706s ]
[ sql ] [ SQL ] SELECT * FROM `shop_type` WHERE  `pid` = 136 [ RunTime:0.000702s ]
[ sql ] [ SQL ] SELECT * FROM `shop_type` WHERE  `pid` = 137 [ RunTime:0.001535s ]
[ sql ] [ SQL ] SELECT * FROM `shop_type` WHERE  `pid` = 141 [ RunTime:0.001155s ]
[ sql ] [ SQL ] SELECT * FROM `shop_type` WHERE  `pid` = 149 [ RunTime:0.000835s ]
[ sql ] [ SQL ] SELECT * FROM `shop_type` WHERE  `pid` = 150 [ RunTime:0.001251s ]
[ sql ] [ SQL ] SELECT * FROM `shop_type` WHERE  `pid` = 143 [ RunTime:0.000886s ]
[ sql ] [ SQL ] SELECT * FROM `shop_type` WHERE  `pid` = 147 [ RunTime:0.000792s ]
[ sql ] [ SQL ] SELECT * FROM `shop_type` WHERE  `pid` = 148 [ RunTime:0.000813s ]
---------------------------------------------------------------
[ 2020-12-22T19:14:41+08:00 ] 0.0.0.0 GET localhost/ht/public/static/bst/dist/img/arrow.png
[运行时间：0.268211s] [吞吐率：3.73req/s] [内存消耗：1,653.91kb] [文件加载：44]
[ info ] [ LANG ] E:\xamp\htdocs\ht\thinkphp\lang\zh-cn.php
[ info ] [ BIND ] 'index'
[ info ] [ ROUTE ] array (
  'type' => 'module',
  'module' => 
  array (
    0 => 'index',
    1 => 'static',
    2 => 'bst',
  ),
)
[ info ] [ HEADER ] array (
  'host' => 'localhost',
  'connection' => 'keep-alive',
  'user-agent' => 'Mozilla/5.0 (Windows NT 10.0; Win64; x64) AppleWebKit/537.36 (KHTML, like Gecko) Chrome/87.0.4280.88 Safari/537.36',
  'accept' => 'image/avif,image/webp,image/apng,image/*,*/*;q=0.8',
  'sec-fetch-site' => 'same-origin',
  'sec-fetch-mode' => 'no-cors',
  'sec-fetch-dest' => 'image',
  'referer' => 'http://localhost/ht/public/static/bst/dist/css/home.css',
  'accept-encoding' => 'gzip, deflate, br',
  'accept-language' => 'zh-CN,zh;q=0.9',
  'cookie' => 'pgv_pvi=5400513536; pgv_si=s5846208512; adminer_version=4.7.8; PHPSESSID=9cnt947buqlue9c8sbuesf9tgu',
)
[ info ] [ PARAM ] array (
  'dist' => 'img',
)
[ info ] [ LOG ] INIT File
