---------------------------------------------------------------
[ 2021-01-03T20:21:55+08:00 ] 0.0.0.0 GET localhost/ht/public/admin.php/admin/login.html
[运行时间：0.655980s] [吞吐率：1.52req/s] [内存消耗：2,065.72kb] [文件加载：49]
[ info ] [ LANG ] E:\xamp\htdocs\ht\thinkphp\lang\zh-cn.php
[ info ] [ BIND ] 'admin'
[ info ] [ ROUTE ] array (
  'type' => 'module',
  'module' => 
  array (
    0 => 'admin',
    1 => 'admin',
    2 => 'login',
  ),
)
[ info ] [ HEADER ] array (
  'host' => 'localhost',
  'connection' => 'keep-alive',
  'upgrade-insecure-requests' => '1',
  'user-agent' => 'Mozilla/5.0 (Windows NT 10.0; Win64; x64) AppleWebKit/537.36 (KHTML, like Gecko) Chrome/87.0.4280.88 Safari/537.36',
  'accept' => 'text/html,application/xhtml+xml,application/xml;q=0.9,image/avif,image/webp,image/apng,*/*;q=0.8,application/signed-exchange;v=b3;q=0.9',
  'sec-fetch-site' => 'none',
  'sec-fetch-mode' => 'navigate',
  'sec-fetch-user' => '?1',
  'sec-fetch-dest' => 'document',
  'accept-encoding' => 'gzip, deflate, br',
  'accept-language' => 'zh-CN,zh;q=0.9',
  'cookie' => 'pgv_pvi=5400513536; pgv_si=s5846208512; PHPSESSID=9cnt947buqlue9c8sbuesf9tgu; Hm_lvt_080836300300be57b7f34f4b3e97d911=1609233415; Hm_lpvt_080836300300be57b7f34f4b3e97d911=1609236056',
)
[ info ] [ PARAM ] array (
)
[ info ] [ RUN ] app\admin\controller\Admin->login[ E:\xamp\htdocs\ht\application\admin\controller\Admin.php ]
[ info ] [ VIEW ] E:\xamp\htdocs\ht\public/../application/admin\view\admin\login.html [ array (
) ]
[ info ] [ LOG ] INIT File
---------------------------------------------------------------
[ 2021-01-03T20:21:55+08:00 ] 0.0.0.0 GET localhost/ht/public/admin.php/admin/login.html
[运行时间：4.084273s] [吞吐率：0.24req/s] [内存消耗：2,065.72kb] [文件加载：49]
[ info ] [ LANG ] E:\xamp\htdocs\ht\thinkphp\lang\zh-cn.php
[ info ] [ BIND ] 'admin'
[ info ] [ ROUTE ] array (
  'type' => 'module',
  'module' => 
  array (
    0 => 'admin',
    1 => 'admin',
    2 => 'login',
  ),
)
[ info ] [ HEADER ] array (
  'host' => 'localhost',
  'connection' => 'keep-alive',
  'upgrade-insecure-requests' => '1',
  'user-agent' => 'Mozilla/5.0 (Windows NT 10.0; Win64; x64) AppleWebKit/537.36 (KHTML, like Gecko) Chrome/87.0.4280.88 Safari/537.36',
  'accept' => 'text/html,application/xhtml+xml,application/xml;q=0.9,image/avif,image/webp,image/apng,*/*;q=0.8,application/signed-exchange;v=b3;q=0.9',
  'sec-fetch-site' => 'none',
  'sec-fetch-mode' => 'navigate',
  'sec-fetch-user' => '?1',
  'sec-fetch-dest' => 'document',
  'accept-encoding' => 'gzip, deflate, br',
  'accept-language' => 'zh-CN,zh;q=0.9',
  'cookie' => 'pgv_pvi=5400513536; pgv_si=s5846208512; PHPSESSID=9cnt947buqlue9c8sbuesf9tgu; Hm_lvt_080836300300be57b7f34f4b3e97d911=1609233415; Hm_lpvt_080836300300be57b7f34f4b3e97d911=1609236056',
)
[ info ] [ PARAM ] array (
)
[ info ] [ RUN ] app\admin\controller\Admin->login[ E:\xamp\htdocs\ht\application\admin\controller\Admin.php ]
[ info ] [ VIEW ] E:\xamp\htdocs\ht\public/../application/admin\view\admin\login.html [ array (
) ]
[ info ] [ LOG ] INIT File
---------------------------------------------------------------
[ 2021-01-03T20:22:22+08:00 ] 0.0.0.0 POST localhost/ht/public/admin.php/admin/login1.html
[运行时间：2.319153s] [吞吐率：0.43req/s] [内存消耗：3,058.43kb] [文件加载：58]
[ info ] [ LANG ] E:\xamp\htdocs\ht\thinkphp\lang\zh-cn.php
[ info ] [ BIND ] 'admin'
[ info ] [ ROUTE ] array (
  'type' => 'module',
  'module' => 
  array (
    0 => 'admin',
    1 => 'admin',
    2 => 'login1',
  ),
)
[ info ] [ HEADER ] array (
  'host' => 'localhost',
  'connection' => 'keep-alive',
  'content-length' => '28',
  'cache-control' => 'max-age=0',
  'upgrade-insecure-requests' => '1',
  'origin' => 'http://localhost',
  'content-type' => 'application/x-www-form-urlencoded',
  'user-agent' => 'Mozilla/5.0 (Windows NT 10.0; Win64; x64) AppleWebKit/537.36 (KHTML, like Gecko) Chrome/87.0.4280.88 Safari/537.36',
  'accept' => 'text/html,application/xhtml+xml,application/xml;q=0.9,image/avif,image/webp,image/apng,*/*;q=0.8,application/signed-exchange;v=b3;q=0.9',
  'sec-fetch-site' => 'same-origin',
  'sec-fetch-mode' => 'navigate',
  'sec-fetch-user' => '?1',
  'sec-fetch-dest' => 'document',
  'referer' => 'http://localhost/ht/public/admin.php/admin/login.html',
  'accept-encoding' => 'gzip, deflate, br',
  'accept-language' => 'zh-CN,zh;q=0.9',
  'cookie' => 'pgv_pvi=5400513536; pgv_si=s5846208512; PHPSESSID=9cnt947buqlue9c8sbuesf9tgu; Hm_lvt_080836300300be57b7f34f4b3e97d911=1609233415; Hm_lpvt_080836300300be57b7f34f4b3e97d911=1609676530',
)
[ info ] [ PARAM ] array (
  'username' => '111',
  'password' => '111111',
)
[ info ] [ RUN ] app\admin\controller\Admin->login1[ E:\xamp\htdocs\ht\application\admin\controller\Admin.php ]
[ info ] [ DB ] INIT mysql
[ info ] [ SESSION ] INIT array (
  'id' => '',
  'var_session_id' => '',
  'prefix' => 'think',
  'type' => '',
  'auto_start' => true,
)
[ info ] [ VIEW ] E:\xamp\htdocs\ht\thinkphp\tpl\dispatch_jump.tpl [ array (
  0 => 'code',
  1 => 'msg',
  2 => 'data',
  3 => 'url',
  4 => 'wait',
) ]
[ info ] [ LOG ] INIT File
[ sql ] [ DB ] CONNECT:[ UseTime:0.763608s ] mysql:host=127.0.0.1;port=3306;dbname=shop;charset=utf8
[ sql ] [ SQL ] SHOW COLUMNS FROM `shop_user` [ RunTime:0.251387s ]
[ sql ] [ SQL ] SELECT * FROM `shop_user` WHERE  (  binary username = '111' ) LIMIT 1 [ RunTime:0.011612s ]
---------------------------------------------------------------
[ 2021-01-03T20:22:25+08:00 ] 0.0.0.0 GET localhost/ht/public/admin.php/index/index.html
[运行时间：0.613787s] [吞吐率：1.63req/s] [内存消耗：2,250.54kb] [文件加载：50]
[ info ] [ LANG ] E:\xamp\htdocs\ht\thinkphp\lang\zh-cn.php
[ info ] [ BIND ] 'admin'
[ info ] [ ROUTE ] array (
  'type' => 'module',
  'module' => 
  array (
    0 => 'admin',
    1 => 'index',
    2 => 'index',
  ),
)
[ info ] [ HEADER ] array (
  'host' => 'localhost',
  'connection' => 'keep-alive',
  'upgrade-insecure-requests' => '1',
  'user-agent' => 'Mozilla/5.0 (Windows NT 10.0; Win64; x64) AppleWebKit/537.36 (KHTML, like Gecko) Chrome/87.0.4280.88 Safari/537.36',
  'accept' => 'text/html,application/xhtml+xml,application/xml;q=0.9,image/avif,image/webp,image/apng,*/*;q=0.8,application/signed-exchange;v=b3;q=0.9',
  'sec-fetch-site' => 'same-origin',
  'sec-fetch-mode' => 'navigate',
  'sec-fetch-dest' => 'document',
  'referer' => 'http://localhost/ht/public/admin.php/admin/login1.html',
  'accept-encoding' => 'gzip, deflate, br',
  'accept-language' => 'zh-CN,zh;q=0.9',
  'cookie' => 'pgv_pvi=5400513536; pgv_si=s5846208512; PHPSESSID=9cnt947buqlue9c8sbuesf9tgu; Hm_lvt_080836300300be57b7f34f4b3e97d911=1609233415; Hm_lpvt_080836300300be57b7f34f4b3e97d911=1609676530',
)
[ info ] [ PARAM ] array (
)
[ info ] [ RUN ] app\admin\controller\Index->index[ E:\xamp\htdocs\ht\application\admin\controller\Index.php ]
[ info ] [ VIEW ] E:\xamp\htdocs\ht\public/../application/admin\view\index\index.html [ array (
) ]
[ info ] [ SESSION ] INIT array (
  'id' => '',
  'var_session_id' => '',
  'prefix' => 'think',
  'type' => '',
  'auto_start' => true,
)
[ info ] [ LOG ] INIT File
---------------------------------------------------------------
[ 2021-01-03T20:22:26+08:00 ] 0.0.0.0 GET localhost/ht/public/admin.php/index/welcome.html
[运行时间：0.357278s] [吞吐率：2.80req/s] [内存消耗：2,242.52kb] [文件加载：50]
[ info ] [ LANG ] E:\xamp\htdocs\ht\thinkphp\lang\zh-cn.php
[ info ] [ BIND ] 'admin'
[ info ] [ ROUTE ] array (
  'type' => 'module',
  'module' => 
  array (
    0 => 'admin',
    1 => 'index',
    2 => 'welcome',
  ),
)
[ info ] [ HEADER ] array (
  'host' => 'localhost',
  'connection' => 'keep-alive',
  'upgrade-insecure-requests' => '1',
  'user-agent' => 'Mozilla/5.0 (Windows NT 10.0; Win64; x64) AppleWebKit/537.36 (KHTML, like Gecko) Chrome/87.0.4280.88 Safari/537.36',
  'accept' => 'text/html,application/xhtml+xml,application/xml;q=0.9,image/avif,image/webp,image/apng,*/*;q=0.8,application/signed-exchange;v=b3;q=0.9',
  'sec-fetch-site' => 'same-origin',
  'sec-fetch-mode' => 'navigate',
  'sec-fetch-dest' => 'iframe',
  'referer' => 'http://localhost/ht/public/admin.php/index/index.html',
  'accept-encoding' => 'gzip, deflate, br',
  'accept-language' => 'zh-CN,zh;q=0.9',
  'cookie' => 'pgv_pvi=5400513536; pgv_si=s5846208512; PHPSESSID=9cnt947buqlue9c8sbuesf9tgu; Hm_lvt_080836300300be57b7f34f4b3e97d911=1609233415; Hm_lpvt_080836300300be57b7f34f4b3e97d911=1609676530',
)
[ info ] [ PARAM ] array (
)
[ info ] [ RUN ] app\admin\controller\Index->welcome[ E:\xamp\htdocs\ht\application\admin\controller\Index.php ]
[ info ] [ VIEW ] E:\xamp\htdocs\ht\public/../application/admin\view\index\welcome.html [ array (
) ]
[ info ] [ LOG ] INIT File
