---------------------------------------------------------------
[ 2020-11-17T22:51:50+08:00 ] 0.0.0.0 GET localhost/ht/public/index/shop6.html?id=152
[运行时间：1.700235s] [吞吐率：0.59req/s] [内存消耗：3,108.98kb] [文件加载：56]
[ info ] [ LANG ] E:\xamp\htdocs\ht\thinkphp\lang\zh-cn.php
[ info ] [ BIND ] 'index'
[ info ] [ ROUTE ] array (
  'type' => 'module',
  'module' => 
  array (
    0 => 'index',
    1 => 'index',
    2 => 'shop6',
  ),
)
[ info ] [ HEADER ] array (
  'host' => 'localhost',
  'connection' => 'keep-alive',
  'upgrade-insecure-requests' => '1',
  'user-agent' => 'Mozilla/5.0 (Windows NT 10.0; Win64; x64) AppleWebKit/537.36 (KHTML, like Gecko) Chrome/86.0.4240.183 Safari/537.36',
  'accept' => 'text/html,application/xhtml+xml,application/xml;q=0.9,image/avif,image/webp,image/apng,*/*;q=0.8,application/signed-exchange;v=b3;q=0.9',
  'sec-fetch-site' => 'same-origin',
  'sec-fetch-mode' => 'navigate',
  'sec-fetch-user' => '?1',
  'sec-fetch-dest' => 'document',
  'referer' => 'http://localhost/ht/public/index/shop1.html?id=169',
  'accept-encoding' => 'gzip, deflate, br',
  'accept-language' => 'zh-CN,zh;q=0.9,en;q=0.8',
  'cookie' => 'Phpstorm-4cf115e=cbbc18ba-030d-4d3c-bd79-f02721e0c893; pgv_pvi=3505868800; Hm_lvt_44726c1d9839bf364c6699dd32896039=1586268129; __gads=ID=bc7f6680eb2d5a51-22ff2a2022c400f8:T=1602856502:RT=1602856502:S=ALNI_MZeoInrqoTBK5F9VdWsOxUYKAXjLA; Hm_lvt_b3a3fc356d0af38b811a0ef8d50716b8=1602856501; Hm_lvt_382f81c966395258f239157654081890=1603025830; Hm_lvt_080836300300be57b7f34f4b3e97d911=1602069761,1603181430; pgv_si=s7725879296; PHPSESSID=92bb62jfh4pgcsa2hnerd1crsa; adminer_version=4.7.7',
)
[ info ] [ PARAM ] array (
  'id' => '152',
)
[ info ] [ RUN ] app\index\controller\Index->shop6[ E:\xamp\htdocs\ht\application\index\controller\Index.php ]
[ info ] [ DB ] INIT mysql
[ info ] [ VIEW ] E:\xamp\htdocs\ht\public/../application/index\view\index\shop6.html [ array (
  0 => 'shop',
  1 => 'image1',
  2 => 'img1',
) ]
[ info ] [ LOG ] INIT File
[ sql ] [ DB ] CONNECT:[ UseTime:0.042343s ] mysql:host=127.0.0.1;port=3306;dbname=shop;charset=utf8
[ sql ] [ SQL ] SHOW COLUMNS FROM `shop_goods` [ RunTime:0.082301s ]
[ sql ] [ SQL ] SELECT * FROM `shop_goods` WHERE  `id` = 152 [ RunTime:0.027321s ]
---------------------------------------------------------------
[ 2020-11-17T23:22:26+08:00 ] 0.0.0.0 GET localhost/ht/public/index/shop6.html?id=152
[运行时间：0.933536s] [吞吐率：1.07req/s] [内存消耗：3,108.96kb] [文件加载：56]
[ info ] [ LANG ] E:\xamp\htdocs\ht\thinkphp\lang\zh-cn.php
[ info ] [ BIND ] 'index'
[ info ] [ ROUTE ] array (
  'type' => 'module',
  'module' => 
  array (
    0 => 'index',
    1 => 'index',
    2 => 'shop6',
  ),
)
[ info ] [ HEADER ] array (
  'host' => 'localhost',
  'connection' => 'keep-alive',
  'upgrade-insecure-requests' => '1',
  'user-agent' => 'Mozilla/5.0 (Windows NT 10.0; Win64; x64) AppleWebKit/537.36 (KHTML, like Gecko) Chrome/86.0.4240.183 Safari/537.36',
  'accept' => 'text/html,application/xhtml+xml,application/xml;q=0.9,image/avif,image/webp,image/apng,*/*;q=0.8,application/signed-exchange;v=b3;q=0.9',
  'sec-fetch-site' => 'same-origin',
  'sec-fetch-mode' => 'navigate',
  'sec-fetch-user' => '?1',
  'sec-fetch-dest' => 'document',
  'referer' => 'http://localhost/ht/public/index/shop1.html?id=169',
  'accept-encoding' => 'gzip, deflate, br',
  'accept-language' => 'zh-CN,zh;q=0.9,en;q=0.8',
  'cookie' => 'Phpstorm-4cf115e=cbbc18ba-030d-4d3c-bd79-f02721e0c893; pgv_pvi=3505868800; Hm_lvt_44726c1d9839bf364c6699dd32896039=1586268129; __gads=ID=bc7f6680eb2d5a51-22ff2a2022c400f8:T=1602856502:RT=1602856502:S=ALNI_MZeoInrqoTBK5F9VdWsOxUYKAXjLA; Hm_lvt_b3a3fc356d0af38b811a0ef8d50716b8=1602856501; Hm_lvt_382f81c966395258f239157654081890=1603025830; Hm_lvt_080836300300be57b7f34f4b3e97d911=1602069761,1603181430; pgv_si=s7725879296; PHPSESSID=92bb62jfh4pgcsa2hnerd1crsa; adminer_version=4.7.7',
)
[ info ] [ PARAM ] array (
  'id' => '152',
)
[ info ] [ RUN ] app\index\controller\Index->shop6[ E:\xamp\htdocs\ht\application\index\controller\Index.php ]
[ info ] [ DB ] INIT mysql
[ info ] [ VIEW ] E:\xamp\htdocs\ht\public/../application/index\view\index\shop6.html [ array (
  0 => 'shop',
  1 => 'image1',
  2 => 'img1',
) ]
[ info ] [ LOG ] INIT File
[ sql ] [ DB ] CONNECT:[ UseTime:0.002696s ] mysql:host=127.0.0.1;port=3306;dbname=shop;charset=utf8
[ sql ] [ SQL ] SHOW COLUMNS FROM `shop_goods` [ RunTime:0.028703s ]
[ sql ] [ SQL ] SELECT * FROM `shop_goods` WHERE  `id` = 152 [ RunTime:0.002403s ]
