---------------------------------------------------------------
[ 2020-11-19T20:52:09+08:00 ] 0.0.0.0 GET localhost/ht/public/
[运行时间：2.490054s] [吞吐率：0.40req/s] [内存消耗：3,115.61kb] [文件加载：56]
[ info ] [ LANG ] E:\xamp\htdocs\ht\thinkphp\lang\zh-cn.php
[ info ] [ BIND ] 'index'
[ info ] [ ROUTE ] array (
  'type' => 'module',
  'module' => 
  array (
    0 => 'index',
    1 => NULL,
    2 => NULL,
  ),
)
[ info ] [ HEADER ] array (
  'host' => 'localhost',
  'connection' => 'keep-alive',
  'upgrade-insecure-requests' => '1',
  'user-agent' => 'Mozilla/5.0 (Windows NT 10.0; Win64; x64) AppleWebKit/537.36 (KHTML, like Gecko) Chrome/87.0.4280.66 Safari/537.36',
  'accept' => 'text/html,application/xhtml+xml,application/xml;q=0.9,image/avif,image/webp,image/apng,*/*;q=0.8,application/signed-exchange;v=b3;q=0.9',
  'sec-fetch-site' => 'none',
  'sec-fetch-mode' => 'navigate',
  'sec-fetch-user' => '?1',
  'sec-fetch-dest' => 'document',
  'accept-encoding' => 'gzip, deflate, br',
  'accept-language' => 'zh-CN,zh;q=0.9,en;q=0.8',
  'cookie' => 'Phpstorm-4cf115e=cbbc18ba-030d-4d3c-bd79-f02721e0c893; pgv_pvi=3505868800; Hm_lvt_44726c1d9839bf364c6699dd32896039=1586268129; __gads=ID=bc7f6680eb2d5a51-22ff2a2022c400f8:T=1602856502:RT=1602856502:S=ALNI_MZeoInrqoTBK5F9VdWsOxUYKAXjLA; Hm_lvt_b3a3fc356d0af38b811a0ef8d50716b8=1602856501; Hm_lvt_382f81c966395258f239157654081890=1603025830; Hm_lvt_080836300300be57b7f34f4b3e97d911=1602069761,1603181430; adminer_version=4.7.7',
)
[ info ] [ PARAM ] array (
)
[ info ] [ RUN ] app\index\controller\Index->index[ E:\xamp\htdocs\ht\application\index\controller\Index.php ]
[ info ] [ DB ] INIT mysql
[ info ] [ VIEW ] E:\xamp\htdocs\ht\public/../application/index\view\index\index.html [ array (
  0 => 'type',
) ]
[ info ] [ SESSION ] INIT array (
  'id' => '',
  'var_session_id' => '',
  'prefix' => 'think',
  'type' => '',
  'auto_start' => true,
)
[ info ] [ LOG ] INIT File
[ sql ] [ DB ] CONNECT:[ UseTime:0.164128s ] mysql:host=127.0.0.1;port=3306;dbname=shop;charset=utf8
[ sql ] [ SQL ] SHOW COLUMNS FROM `shop_type` [ RunTime:0.260894s ]
[ sql ] [ SQL ] SELECT * FROM `shop_type` WHERE  `pid` = 0 [ RunTime:0.308392s ]
[ sql ] [ SQL ] SELECT * FROM `shop_type` WHERE  `pid` = 169 [ RunTime:0.001091s ]
[ sql ] [ SQL ] SELECT * FROM `shop_type` WHERE  `pid` = 113 [ RunTime:0.000953s ]
[ sql ] [ SQL ] SELECT * FROM `shop_type` WHERE  `pid` = 155 [ RunTime:0.001099s ]
[ sql ] [ SQL ] SELECT * FROM `shop_type` WHERE  `pid` = 166 [ RunTime:0.000987s ]
[ sql ] [ SQL ] SELECT * FROM `shop_type` WHERE  `pid` = 138 [ RunTime:0.001066s ]
[ sql ] [ SQL ] SELECT * FROM `shop_type` WHERE  `pid` = 136 [ RunTime:0.001058s ]
[ sql ] [ SQL ] SELECT * FROM `shop_type` WHERE  `pid` = 137 [ RunTime:0.001110s ]
[ sql ] [ SQL ] SELECT * FROM `shop_type` WHERE  `pid` = 141 [ RunTime:0.000894s ]
[ sql ] [ SQL ] SELECT * FROM `shop_type` WHERE  `pid` = 149 [ RunTime:0.001455s ]
[ sql ] [ SQL ] SELECT * FROM `shop_type` WHERE  `pid` = 150 [ RunTime:0.000914s ]
[ sql ] [ SQL ] SELECT * FROM `shop_type` WHERE  `pid` = 143 [ RunTime:0.000844s ]
[ sql ] [ SQL ] SELECT * FROM `shop_type` WHERE  `pid` = 147 [ RunTime:0.001049s ]
[ sql ] [ SQL ] SELECT * FROM `shop_type` WHERE  `pid` = 148 [ RunTime:0.001496s ]
---------------------------------------------------------------
[ 2020-11-19T20:52:10+08:00 ] 0.0.0.0 GET localhost/ht/public/static/bst/dist/img/arrow.png
[运行时间：0.194762s] [吞吐率：5.13req/s] [内存消耗：1,655.79kb] [文件加载：44]
[ info ] [ LANG ] E:\xamp\htdocs\ht\thinkphp\lang\zh-cn.php
[ info ] [ BIND ] 'index'
[ info ] [ ROUTE ] array (
  'type' => 'module',
  'module' => 
  array (
    0 => 'index',
    1 => 'static',
    2 => 'bst',
  ),
)
[ info ] [ HEADER ] array (
  'host' => 'localhost',
  'connection' => 'keep-alive',
  'user-agent' => 'Mozilla/5.0 (Windows NT 10.0; Win64; x64) AppleWebKit/537.36 (KHTML, like Gecko) Chrome/87.0.4280.66 Safari/537.36',
  'accept' => 'image/avif,image/webp,image/apng,image/*,*/*;q=0.8',
  'sec-fetch-site' => 'same-origin',
  'sec-fetch-mode' => 'no-cors',
  'sec-fetch-dest' => 'image',
  'referer' => 'http://localhost/ht/public/static/bst/dist/css/home.css',
  'accept-encoding' => 'gzip, deflate, br',
  'accept-language' => 'zh-CN,zh;q=0.9,en;q=0.8',
  'cookie' => 'Phpstorm-4cf115e=cbbc18ba-030d-4d3c-bd79-f02721e0c893; pgv_pvi=3505868800; Hm_lvt_44726c1d9839bf364c6699dd32896039=1586268129; __gads=ID=bc7f6680eb2d5a51-22ff2a2022c400f8:T=1602856502:RT=1602856502:S=ALNI_MZeoInrqoTBK5F9VdWsOxUYKAXjLA; Hm_lvt_b3a3fc356d0af38b811a0ef8d50716b8=1602856501; Hm_lvt_382f81c966395258f239157654081890=1603025830; Hm_lvt_080836300300be57b7f34f4b3e97d911=1602069761,1603181430; adminer_version=4.7.7; PHPSESSID=k8bero78up7603jc2g4hu479cc',
)
[ info ] [ PARAM ] array (
  'dist' => 'img',
)
[ info ] [ LOG ] INIT File
---------------------------------------------------------------
[ 2020-11-19T20:52:45+08:00 ] 0.0.0.0 GET localhost/ht/public/
[运行时间：0.349304s] [吞吐率：2.86req/s] [内存消耗：3,115.77kb] [文件加载：56]
[ info ] [ LANG ] E:\xamp\htdocs\ht\thinkphp\lang\zh-cn.php
[ info ] [ BIND ] 'index'
[ info ] [ ROUTE ] array (
  'type' => 'module',
  'module' => 
  array (
    0 => 'index',
    1 => NULL,
    2 => NULL,
  ),
)
[ info ] [ HEADER ] array (
  'host' => 'localhost',
  'connection' => 'keep-alive',
  'upgrade-insecure-requests' => '1',
  'user-agent' => 'Mozilla/5.0 (Windows NT 10.0; Win64; x64) AppleWebKit/537.36 (KHTML, like Gecko) Chrome/87.0.4280.66 Safari/537.36',
  'accept' => 'text/html,application/xhtml+xml,application/xml;q=0.9,image/avif,image/webp,image/apng,*/*;q=0.8,application/signed-exchange;v=b3;q=0.9',
  'sec-fetch-site' => 'none',
  'sec-fetch-mode' => 'navigate',
  'sec-fetch-user' => '?1',
  'sec-fetch-dest' => 'document',
  'accept-encoding' => 'gzip, deflate, br',
  'accept-language' => 'zh-CN,zh;q=0.9,en;q=0.8',
  'cookie' => 'Phpstorm-4cf115e=cbbc18ba-030d-4d3c-bd79-f02721e0c893; pgv_pvi=3505868800; Hm_lvt_44726c1d9839bf364c6699dd32896039=1586268129; __gads=ID=bc7f6680eb2d5a51-22ff2a2022c400f8:T=1602856502:RT=1602856502:S=ALNI_MZeoInrqoTBK5F9VdWsOxUYKAXjLA; Hm_lvt_b3a3fc356d0af38b811a0ef8d50716b8=1602856501; Hm_lvt_382f81c966395258f239157654081890=1603025830; Hm_lvt_080836300300be57b7f34f4b3e97d911=1602069761,1603181430; adminer_version=4.7.7; PHPSESSID=k8bero78up7603jc2g4hu479cc',
)
[ info ] [ PARAM ] array (
)
[ info ] [ RUN ] app\index\controller\Index->index[ E:\xamp\htdocs\ht\application\index\controller\Index.php ]
[ info ] [ DB ] INIT mysql
[ info ] [ VIEW ] E:\xamp\htdocs\ht\public/../application/index\view\index\index.html [ array (
  0 => 'type',
) ]
[ info ] [ SESSION ] INIT array (
  'id' => '',
  'var_session_id' => '',
  'prefix' => 'think',
  'type' => '',
  'auto_start' => true,
)
[ info ] [ LOG ] INIT File
[ sql ] [ DB ] CONNECT:[ UseTime:0.001069s ] mysql:host=127.0.0.1;port=3306;dbname=shop;charset=utf8
[ sql ] [ SQL ] SHOW COLUMNS FROM `shop_type` [ RunTime:0.020972s ]
[ sql ] [ SQL ] SELECT * FROM `shop_type` WHERE  `pid` = 0 [ RunTime:0.001968s ]
[ sql ] [ SQL ] SELECT * FROM `shop_type` WHERE  `pid` = 169 [ RunTime:0.001070s ]
[ sql ] [ SQL ] SELECT * FROM `shop_type` WHERE  `pid` = 113 [ RunTime:0.001402s ]
[ sql ] [ SQL ] SELECT * FROM `shop_type` WHERE  `pid` = 155 [ RunTime:0.001526s ]
[ sql ] [ SQL ] SELECT * FROM `shop_type` WHERE  `pid` = 166 [ RunTime:0.001593s ]
[ sql ] [ SQL ] SELECT * FROM `shop_type` WHERE  `pid` = 138 [ RunTime:0.001139s ]
[ sql ] [ SQL ] SELECT * FROM `shop_type` WHERE  `pid` = 136 [ RunTime:0.001421s ]
[ sql ] [ SQL ] SELECT * FROM `shop_type` WHERE  `pid` = 137 [ RunTime:0.001447s ]
[ sql ] [ SQL ] SELECT * FROM `shop_type` WHERE  `pid` = 141 [ RunTime:0.001372s ]
[ sql ] [ SQL ] SELECT * FROM `shop_type` WHERE  `pid` = 149 [ RunTime:0.001411s ]
[ sql ] [ SQL ] SELECT * FROM `shop_type` WHERE  `pid` = 150 [ RunTime:0.001949s ]
[ sql ] [ SQL ] SELECT * FROM `shop_type` WHERE  `pid` = 143 [ RunTime:0.001372s ]
[ sql ] [ SQL ] SELECT * FROM `shop_type` WHERE  `pid` = 147 [ RunTime:0.002060s ]
[ sql ] [ SQL ] SELECT * FROM `shop_type` WHERE  `pid` = 148 [ RunTime:0.001562s ]
---------------------------------------------------------------
[ 2020-11-19T20:52:45+08:00 ] 0.0.0.0 GET localhost/ht/public/static/bst/dist/img/arrow.png
[运行时间：0.106537s] [吞吐率：9.39req/s] [内存消耗：1,655.79kb] [文件加载：44]
[ info ] [ LANG ] E:\xamp\htdocs\ht\thinkphp\lang\zh-cn.php
[ info ] [ BIND ] 'index'
[ info ] [ ROUTE ] array (
  'type' => 'module',
  'module' => 
  array (
    0 => 'index',
    1 => 'static',
    2 => 'bst',
  ),
)
[ info ] [ HEADER ] array (
  'host' => 'localhost',
  'connection' => 'keep-alive',
  'user-agent' => 'Mozilla/5.0 (Windows NT 10.0; Win64; x64) AppleWebKit/537.36 (KHTML, like Gecko) Chrome/87.0.4280.66 Safari/537.36',
  'accept' => 'image/avif,image/webp,image/apng,image/*,*/*;q=0.8',
  'sec-fetch-site' => 'same-origin',
  'sec-fetch-mode' => 'no-cors',
  'sec-fetch-dest' => 'image',
  'referer' => 'http://localhost/ht/public/static/bst/dist/css/home.css',
  'accept-encoding' => 'gzip, deflate, br',
  'accept-language' => 'zh-CN,zh;q=0.9,en;q=0.8',
  'cookie' => 'Phpstorm-4cf115e=cbbc18ba-030d-4d3c-bd79-f02721e0c893; pgv_pvi=3505868800; Hm_lvt_44726c1d9839bf364c6699dd32896039=1586268129; __gads=ID=bc7f6680eb2d5a51-22ff2a2022c400f8:T=1602856502:RT=1602856502:S=ALNI_MZeoInrqoTBK5F9VdWsOxUYKAXjLA; Hm_lvt_b3a3fc356d0af38b811a0ef8d50716b8=1602856501; Hm_lvt_382f81c966395258f239157654081890=1603025830; Hm_lvt_080836300300be57b7f34f4b3e97d911=1602069761,1603181430; adminer_version=4.7.7; PHPSESSID=k8bero78up7603jc2g4hu479cc',
)
[ info ] [ PARAM ] array (
  'dist' => 'img',
)
[ info ] [ LOG ] INIT File
---------------------------------------------------------------
[ 2020-11-19T22:24:30+08:00 ] 0.0.0.0 GET localhost/ht/public/index/shop6.html?id=152
[运行时间：7.973092s] [吞吐率：0.13req/s] [内存消耗：3,109.04kb] [文件加载：56]
[ info ] [ LANG ] E:\xamp\htdocs\ht\thinkphp\lang\zh-cn.php
[ info ] [ BIND ] 'index'
[ info ] [ ROUTE ] array (
  'type' => 'module',
  'module' => 
  array (
    0 => 'index',
    1 => 'index',
    2 => 'shop6',
  ),
)
[ info ] [ HEADER ] array (
  'host' => 'localhost',
  'connection' => 'keep-alive',
  'cache-control' => 'max-age=0',
  'upgrade-insecure-requests' => '1',
  'user-agent' => 'Mozilla/5.0 (Windows NT 10.0; Win64; x64) AppleWebKit/537.36 (KHTML, like Gecko) Chrome/87.0.4280.66 Safari/537.36',
  'accept' => 'text/html,application/xhtml+xml,application/xml;q=0.9,image/avif,image/webp,image/apng,*/*;q=0.8,application/signed-exchange;v=b3;q=0.9',
  'sec-fetch-site' => 'same-origin',
  'sec-fetch-mode' => 'navigate',
  'sec-fetch-user' => '?1',
  'sec-fetch-dest' => 'document',
  'referer' => 'http://localhost/ht/public/index/shop1.html?id=169',
  'accept-encoding' => 'gzip, deflate, br',
  'accept-language' => 'zh-CN,zh;q=0.9,en;q=0.8',
  'cookie' => 'Phpstorm-4cf115e=cbbc18ba-030d-4d3c-bd79-f02721e0c893; pgv_pvi=3505868800; Hm_lvt_44726c1d9839bf364c6699dd32896039=1586268129; __gads=ID=bc7f6680eb2d5a51-22ff2a2022c400f8:T=1602856502:RT=1602856502:S=ALNI_MZeoInrqoTBK5F9VdWsOxUYKAXjLA; Hm_lvt_b3a3fc356d0af38b811a0ef8d50716b8=1602856501; Hm_lvt_382f81c966395258f239157654081890=1603025830; Hm_lvt_080836300300be57b7f34f4b3e97d911=1602069761,1603181430; adminer_version=4.7.7; PHPSESSID=k8bero78up7603jc2g4hu479cc',
)
[ info ] [ PARAM ] array (
  'id' => '152',
)
[ info ] [ RUN ] app\index\controller\Index->shop6[ E:\xamp\htdocs\ht\application\index\controller\Index.php ]
[ info ] [ DB ] INIT mysql
[ info ] [ VIEW ] E:\xamp\htdocs\ht\public/../application/index\view\index\shop6.html [ array (
  0 => 'shop',
  1 => 'image1',
  2 => 'img1',
) ]
[ info ] [ LOG ] INIT File
[ sql ] [ DB ] CONNECT:[ UseTime:2.859096s ] mysql:host=127.0.0.1;port=3306;dbname=shop;charset=utf8
[ sql ] [ SQL ] SHOW COLUMNS FROM `shop_goods` [ RunTime:1.281970s ]
[ sql ] [ SQL ] SELECT * FROM `shop_goods` WHERE  `id` = 152 [ RunTime:0.472689s ]
