---------------------------------------------------------------
[ 2020-11-30T18:21:45+08:00 ] 0.0.0.0 GET localhost/ht/public/
[运行时间：1.839686s] [吞吐率：0.54req/s] [内存消耗：3,115.62kb] [文件加载：56]
[ info ] [ LANG ] E:\xamp\htdocs\ht\thinkphp\lang\zh-cn.php
[ info ] [ BIND ] 'index'
[ info ] [ ROUTE ] array (
  'type' => 'module',
  'module' => 
  array (
    0 => 'index',
    1 => NULL,
    2 => NULL,
  ),
)
[ info ] [ HEADER ] array (
  'host' => 'localhost',
  'connection' => 'keep-alive',
  'upgrade-insecure-requests' => '1',
  'user-agent' => 'Mozilla/5.0 (Windows NT 10.0; Win64; x64) AppleWebKit/537.36 (KHTML, like Gecko) Chrome/87.0.4280.66 Safari/537.36',
  'accept' => 'text/html,application/xhtml+xml,application/xml;q=0.9,image/avif,image/webp,image/apng,*/*;q=0.8,application/signed-exchange;v=b3;q=0.9',
  'purpose' => 'prefetch',
  'sec-fetch-site' => 'none',
  'sec-fetch-mode' => 'navigate',
  'sec-fetch-user' => '?1',
  'sec-fetch-dest' => 'document',
  'accept-encoding' => 'gzip, deflate, br',
  'accept-language' => 'zh-CN,zh;q=0.9,en;q=0.8',
  'cookie' => 'Phpstorm-4cf115e=cbbc18ba-030d-4d3c-bd79-f02721e0c893; pgv_pvi=3505868800; Hm_lvt_44726c1d9839bf364c6699dd32896039=1586268129; __gads=ID=bc7f6680eb2d5a51-22ff2a2022c400f8:T=1602856502:RT=1602856502:S=ALNI_MZeoInrqoTBK5F9VdWsOxUYKAXjLA; Hm_lvt_b3a3fc356d0af38b811a0ef8d50716b8=1602856501; Hm_lvt_382f81c966395258f239157654081890=1603025830; Hm_lvt_080836300300be57b7f34f4b3e97d911=1602069761,1603181430',
)
[ info ] [ PARAM ] array (
)
[ info ] [ RUN ] app\index\controller\Index->index[ E:\xamp\htdocs\ht\application\index\controller\Index.php ]
[ info ] [ DB ] INIT mysql
[ info ] [ VIEW ] E:\xamp\htdocs\ht\public/../application/index\view\index\index.html [ array (
  0 => 'type',
) ]
[ info ] [ SESSION ] INIT array (
  'id' => '',
  'var_session_id' => '',
  'prefix' => 'think',
  'type' => '',
  'auto_start' => true,
)
[ info ] [ LOG ] INIT File
[ sql ] [ DB ] CONNECT:[ UseTime:0.146066s ] mysql:host=127.0.0.1;port=3306;dbname=shop;charset=utf8
[ sql ] [ SQL ] SHOW COLUMNS FROM `shop_type` [ RunTime:0.180553s ]
[ sql ] [ SQL ] SELECT * FROM `shop_type` WHERE  `pid` = 0 [ RunTime:0.183234s ]
[ sql ] [ SQL ] SELECT * FROM `shop_type` WHERE  `pid` = 169 [ RunTime:0.001112s ]
[ sql ] [ SQL ] SELECT * FROM `shop_type` WHERE  `pid` = 113 [ RunTime:0.001308s ]
[ sql ] [ SQL ] SELECT * FROM `shop_type` WHERE  `pid` = 155 [ RunTime:0.001067s ]
[ sql ] [ SQL ] SELECT * FROM `shop_type` WHERE  `pid` = 166 [ RunTime:0.001053s ]
[ sql ] [ SQL ] SELECT * FROM `shop_type` WHERE  `pid` = 138 [ RunTime:0.001035s ]
[ sql ] [ SQL ] SELECT * FROM `shop_type` WHERE  `pid` = 136 [ RunTime:0.000984s ]
[ sql ] [ SQL ] SELECT * FROM `shop_type` WHERE  `pid` = 137 [ RunTime:0.001212s ]
[ sql ] [ SQL ] SELECT * FROM `shop_type` WHERE  `pid` = 141 [ RunTime:0.000984s ]
[ sql ] [ SQL ] SELECT * FROM `shop_type` WHERE  `pid` = 149 [ RunTime:0.000891s ]
[ sql ] [ SQL ] SELECT * FROM `shop_type` WHERE  `pid` = 150 [ RunTime:0.000967s ]
[ sql ] [ SQL ] SELECT * FROM `shop_type` WHERE  `pid` = 143 [ RunTime:0.000962s ]
[ sql ] [ SQL ] SELECT * FROM `shop_type` WHERE  `pid` = 147 [ RunTime:0.001043s ]
[ sql ] [ SQL ] SELECT * FROM `shop_type` WHERE  `pid` = 148 [ RunTime:0.000951s ]
---------------------------------------------------------------
[ 2020-11-30T20:42:19+08:00 ] 0.0.0.0 GET localhost/ht/public/index/shop1.html
[运行时间：0.881199s] [吞吐率：1.13req/s] [内存消耗：2,948.65kb] [文件加载：57]
[ info ] [ LANG ] E:\xamp\htdocs\ht\thinkphp\lang\zh-cn.php
[ info ] [ BIND ] 'index'
[ info ] [ ROUTE ] array (
  'type' => 'module',
  'module' => 
  array (
    0 => 'index',
    1 => 'index',
    2 => 'shop1',
  ),
)
[ info ] [ HEADER ] array (
  'host' => 'localhost',
  'connection' => 'keep-alive',
  'upgrade-insecure-requests' => '1',
  'user-agent' => 'Mozilla/5.0 (Windows NT 10.0; Win64; x64) AppleWebKit/537.36 (KHTML, like Gecko) Chrome/87.0.4280.66 Safari/537.36',
  'accept' => 'text/html,application/xhtml+xml,application/xml;q=0.9,image/avif,image/webp,image/apng,*/*;q=0.8,application/signed-exchange;v=b3;q=0.9',
  'sec-fetch-site' => 'none',
  'sec-fetch-mode' => 'navigate',
  'sec-fetch-user' => '?1',
  'sec-fetch-dest' => 'document',
  'accept-encoding' => 'gzip, deflate, br',
  'accept-language' => 'zh-CN,zh;q=0.9,en;q=0.8',
  'cookie' => 'Phpstorm-4cf115e=cbbc18ba-030d-4d3c-bd79-f02721e0c893; pgv_pvi=3505868800; Hm_lvt_44726c1d9839bf364c6699dd32896039=1586268129; __gads=ID=bc7f6680eb2d5a51-22ff2a2022c400f8:T=1602856502:RT=1602856502:S=ALNI_MZeoInrqoTBK5F9VdWsOxUYKAXjLA; Hm_lvt_b3a3fc356d0af38b811a0ef8d50716b8=1602856501; Hm_lvt_382f81c966395258f239157654081890=1603025830; Hm_lvt_080836300300be57b7f34f4b3e97d911=1602069761,1603181430; PHPSESSID=pvmgukip10ndj1a1sp7ouacksl; adminer_version=4.7.7',
)
[ info ] [ PARAM ] array (
)
[ info ] [ RUN ] app\index\controller\Index->shop1[ E:\xamp\htdocs\ht\application\index\controller\Index.php ]
[ info ] [ DB ] INIT mysql
[ info ] [ LOG ] INIT File
[ error ] [8]未定义数组索引: id[E:\xamp\htdocs\ht\application\index\controller\Index.php:118]
